2019-12-17 17:19:32,510 INFO (StartupInfoLogger.java:55)- Starting RunningApplication on DESKTOP-OTO9O1T with PID 3540 (started by hp in D:\学习资源\大学生兼职平台\undergraduatejob)
2019-12-17 17:19:32,514 INFO (SpringApplication.java:651)- No active profile set, falling back to default profiles: default
2019-12-17 17:19:32,586 INFO (DeferredLog.java:225)- Devtools property defaults active! Set 'spring.devtools.add-properties' to 'false' to disable
2019-12-17 17:19:32,586 INFO (DeferredLog.java:225)- For additional web related logging consider setting the 'logging.level.web' property to 'DEBUG'
2019-12-17 17:19:37,393 WARN (ClassPathMapperScanner.java:166)- No MyBatis mapper was found in '[com.example.express_dena.mapper]' package. Please check your configuration.
2019-12-17 17:19:37,454 WARN (ClassPathMapperScanner.java:166)- No MyBatis mapper was found in '[com.lyx.undergraduatejob.dao]' package. Please check your configuration.
2019-12-17 17:19:37,623 WARN (ClassPathMapperScanner.java:166)- No MyBatis mapper was found in '[com.lyx.undergraduatejob]' package. Please check your configuration.
2019-12-17 17:19:38,120 INFO (PostProcessorRegistrationDelegate.java:330)- Bean 'org.springframework.security.config.annotation.configuration.ObjectPostProcessorConfiguration' of type [org.springframework.security.config.annotation.configuration.ObjectPostProcessorConfiguration] is not eligible for getting processed by all BeanPostProcessors (for example: not eligible for auto-proxying)
2019-12-17 17:19:38,125 INFO (PostProcessorRegistrationDelegate.java:330)- Bean 'objectPostProcessor' of type [org.springframework.security.config.annotation.configuration.AutowireBeanFactoryObjectPostProcessor] is not eligible for getting processed by all BeanPostProcessors (for example: not eligible for auto-proxying)
2019-12-17 17:19:38,127 INFO (PostProcessorRegistrationDelegate.java:330)- Bean 'org.springframework.security.access.expression.method.DefaultMethodSecurityExpressionHandler@134f18f7' of type [org.springframework.security.access.expression.method.DefaultMethodSecurityExpressionHandler] is not eligible for getting processed by all BeanPostProcessors (for example: not eligible for auto-proxying)
2019-12-17 17:19:38,129 INFO (PostProcessorRegistrationDelegate.java:330)- Bean 'org.springframework.security.config.annotation.method.configuration.GlobalMethodSecurityConfiguration' of type [org.springframework.security.config.annotation.method.configuration.GlobalMethodSecurityConfiguration] is not eligible for getting processed by all BeanPostProcessors (for example: not eligible for auto-proxying)
2019-12-17 17:19:38,135 INFO (PostProcessorRegistrationDelegate.java:330)- Bean 'methodSecurityMetadataSource' of type [org.springframework.security.access.method.DelegatingMethodSecurityMetadataSource] is not eligible for getting processed by all BeanPostProcessors (for example: not eligible for auto-proxying)
2019-12-17 17:19:38,143 INFO (PostProcessorRegistrationDelegate.java:330)- Bean 'org.springframework.boot.autoconfigure.jdbc.DataSourceTransactionManagerAutoConfiguration$DataSourceTransactionManagerConfiguration' of type [org.springframework.boot.autoconfigure.jdbc.DataSourceTransactionManagerAutoConfiguration$DataSourceTransactionManagerConfiguration] is not eligible for getting processed by all BeanPostProcessors (for example: not eligible for auto-proxying)
2019-12-17 17:19:38,148 INFO (PostProcessorRegistrationDelegate.java:330)- Bean 'druidConfig' of type [com.lyx.undergraduatejob.config.DruidConfig$$EnhancerBySpringCGLIB$$e5e6e0d3] is not eligible for getting processed by all BeanPostProcessors (for example: not eligible for auto-proxying)
2019-12-17 17:19:38,213 INFO (PostProcessorRegistrationDelegate.java:330)- Bean 'druid' of type [com.alibaba.druid.pool.DruidDataSource] is not eligible for getting processed by all BeanPostProcessors (for example: not eligible for auto-proxying)
2019-12-17 17:19:38,252 INFO (PostProcessorRegistrationDelegate.java:330)- Bean 'spring.datasource-org.springframework.boot.autoconfigure.jdbc.DataSourceProperties' of type [org.springframework.boot.autoconfigure.jdbc.DataSourceProperties] is not eligible for getting processed by all BeanPostProcessors (for example: not eligible for auto-proxying)
2019-12-17 17:19:38,258 INFO (PostProcessorRegistrationDelegate.java:330)- Bean 'org.springframework.boot.autoconfigure.jdbc.DataSourceInitializerInvoker' of type [org.springframework.boot.autoconfigure.jdbc.DataSourceInitializerInvoker] is not eligible for getting processed by all BeanPostProcessors (for example: not eligible for auto-proxying)
2019-12-17 17:19:38,263 INFO (PostProcessorRegistrationDelegate.java:330)- Bean 'org.springframework.boot.autoconfigure.transaction.TransactionAutoConfiguration' of type [org.springframework.boot.autoconfigure.transaction.TransactionAutoConfiguration] is not eligible for getting processed by all BeanPostProcessors (for example: not eligible for auto-proxying)
2019-12-17 17:19:38,268 INFO (PostProcessorRegistrationDelegate.java:330)- Bean 'spring.transaction-org.springframework.boot.autoconfigure.transaction.TransactionProperties' of type [org.springframework.boot.autoconfigure.transaction.TransactionProperties] is not eligible for getting processed by all BeanPostProcessors (for example: not eligible for auto-proxying)
2019-12-17 17:19:38,270 INFO (PostProcessorRegistrationDelegate.java:330)- Bean 'platformTransactionManagerCustomizers' of type [org.springframework.boot.autoconfigure.transaction.TransactionManagerCustomizers] is not eligible for getting processed by all BeanPostProcessors (for example: not eligible for auto-proxying)
2019-12-17 17:19:38,275 INFO (PostProcessorRegistrationDelegate.java:330)- Bean 'transactionManager' of type [org.springframework.jdbc.datasource.DataSourceTransactionManager] is not eligible for getting processed by all BeanPostProcessors (for example: not eligible for auto-proxying)
2019-12-17 17:19:38,277 INFO (PostProcessorRegistrationDelegate.java:330)- Bean 'transactionConfig' of type [com.lyx.undergraduatejob.config.TransactionConfig$$EnhancerBySpringCGLIB$$1f50772f] is not eligible for getting processed by all BeanPostProcessors (for example: not eligible for auto-proxying)
2019-12-17 17:19:38,288 INFO (PostProcessorRegistrationDelegate.java:330)- Bean 'txAdvice' of type [org.springframework.transaction.interceptor.TransactionInterceptor] is not eligible for getting processed by all BeanPostProcessors (for example: not eligible for auto-proxying)
2019-12-17 17:19:38,289 INFO (PostProcessorRegistrationDelegate.java:330)- Bean 'txAdviceAdvisor' of type [org.springframework.aop.support.DefaultPointcutAdvisor] is not eligible for getting processed by all BeanPostProcessors (for example: not eligible for auto-proxying)
2019-12-17 17:19:38,295 INFO (PostProcessorRegistrationDelegate.java:330)- Bean 'org.springframework.transaction.annotation.ProxyTransactionManagementConfiguration' of type [org.springframework.transaction.annotation.ProxyTransactionManagementConfiguration] is not eligible for getting processed by all BeanPostProcessors (for example: not eligible for auto-proxying)
2019-12-17 17:19:38,802 INFO (TomcatWebServer.java:92)- Tomcat initialized with port(s): 8080 (http)
2019-12-17 17:19:38,812 INFO (DirectJDKLog.java:173)- Initializing ProtocolHandler ["http-nio-8080"]
2019-12-17 17:19:38,813 INFO (DirectJDKLog.java:173)- Starting service [Tomcat]
2019-12-17 17:19:38,813 INFO (DirectJDKLog.java:173)- Starting Servlet engine: [Apache Tomcat/9.0.29]
2019-12-17 17:19:38,938 INFO (DirectJDKLog.java:173)- Initializing Spring embedded WebApplicationContext
2019-12-17 17:19:38,938 INFO (ServletWebServerApplicationContext.java:284)- Root WebApplicationContext: initialization completed in 6352 ms
2019-12-17 17:19:39,290 INFO (DynamicRegistrationBean.java:110)- Filter webStatFilter was not registered (possibly already registered?)
2019-12-17 17:19:39,292 INFO (DynamicRegistrationBean.java:110)- Servlet statViewServlet was not registered (possibly already registered?)
2019-12-17 17:19:39,522 INFO (UserDetailsServiceAutoConfiguration.java:86)- 

Using generated security password: 3d29f9fa-5267-465a-bbcf-fd238b299cab

2019-12-17 17:19:39,795 INFO (DefaultSecurityFilterChain.java:43)- Creating filter chain: any request, [org.springframework.security.web.context.request.async.WebAsyncManagerIntegrationFilter@5a7ff6b7, org.springframework.security.web.context.SecurityContextPersistenceFilter@7fd93d87, org.springframework.security.web.header.HeaderWriterFilter@3f300730, org.springframework.security.web.csrf.CsrfFilter@3ad4de4a, org.springframework.security.web.authentication.logout.LogoutFilter@25d261f7, org.springframework.security.web.authentication.UsernamePasswordAuthenticationFilter@5ad948ee, org.springframework.security.web.authentication.ui.DefaultLoginPageGeneratingFilter@33eb1afc, org.springframework.security.web.authentication.ui.DefaultLogoutPageGeneratingFilter@cb4548b, org.springframework.security.web.authentication.www.BasicAuthenticationFilter@9ab954, org.springframework.security.web.savedrequest.RequestCacheAwareFilter@1a78ee8e, org.springframework.security.web.servletapi.SecurityContextHolderAwareRequestFilter@32cb8bfa, org.springframework.security.web.authentication.AnonymousAuthenticationFilter@25e15130, org.springframework.security.web.session.SessionManagementFilter@5c0f1970, org.springframework.security.web.access.ExceptionTranslationFilter@78fb2757, org.springframework.security.web.access.intercept.FilterSecurityInterceptor@3e0480a5]
2019-12-17 17:19:40,098 INFO (ExecutorConfigurationSupport.java:171)- Initializing ExecutorService 'applicationTaskExecutor'
2019-12-17 17:19:40,195 INFO (WelcomePageHandlerMapping.java:58)- Adding welcome page template: index
2019-12-17 17:19:40,974 INFO (OptionalLiveReloadServer.java:58)- LiveReload server is running on port 35729
2019-12-17 17:19:40,982 INFO (EndpointLinksResolver.java:58)- Exposing 2 endpoint(s) beneath base path '/actuator'
2019-12-17 17:19:41,062 INFO (DirectJDKLog.java:173)- Starting ProtocolHandler ["http-nio-8080"]
2019-12-17 17:19:41,076 INFO (DirectJDKLog.java:173)- Pausing ProtocolHandler ["http-nio-8080"]
2019-12-17 17:19:41,076 INFO (DirectJDKLog.java:173)- Stopping service [Tomcat]
2019-12-17 17:19:41,090 INFO (DirectJDKLog.java:173)- Stopping ProtocolHandler ["http-nio-8080"]
2019-12-17 17:19:41,090 INFO (DirectJDKLog.java:173)- Destroying ProtocolHandler ["http-nio-8080"]
2019-12-17 17:19:41,093 INFO (ConditionEvaluationReportLoggingListener.java:136)- 

Error starting ApplicationContext. To display the conditions report re-run your application with 'debug' enabled.
2019-12-17 17:19:41,099 ERROR (LoggingFailureAnalysisReporter.java:40)- 

***************************
APPLICATION FAILED TO START
***************************

Description:

Web server failed to start. Port 8080 was already in use.

Action:

Identify and stop the process that's listening on port 8080 or configure this application to listen on another port.

2019-12-17 17:19:41,102 INFO (ExecutorConfigurationSupport.java:208)- Shutting down ExecutorService 'applicationTaskExecutor'
2019-12-17 17:20:03,888 INFO (StartupInfoLogger.java:55)- Starting RunningApplication on DESKTOP-OTO9O1T with PID 848 (started by hp in D:\学习资源\大学生兼职平台\undergraduatejob)
2019-12-17 17:20:03,892 INFO (SpringApplication.java:651)- No active profile set, falling back to default profiles: default
2019-12-17 17:20:03,935 INFO (DeferredLog.java:225)- Devtools property defaults active! Set 'spring.devtools.add-properties' to 'false' to disable
2019-12-17 17:20:03,935 INFO (DeferredLog.java:225)- For additional web related logging consider setting the 'logging.level.web' property to 'DEBUG'
2019-12-17 17:20:08,359 WARN (ClassPathMapperScanner.java:166)- No MyBatis mapper was found in '[com.example.express_dena.mapper]' package. Please check your configuration.
2019-12-17 17:20:08,422 WARN (ClassPathMapperScanner.java:166)- No MyBatis mapper was found in '[com.lyx.undergraduatejob.dao]' package. Please check your configuration.
2019-12-17 17:20:08,557 WARN (ClassPathMapperScanner.java:166)- No MyBatis mapper was found in '[com.lyx.undergraduatejob]' package. Please check your configuration.
2019-12-17 17:20:09,108 INFO (PostProcessorRegistrationDelegate.java:330)- Bean 'org.springframework.security.config.annotation.configuration.ObjectPostProcessorConfiguration' of type [org.springframework.security.config.annotation.configuration.ObjectPostProcessorConfiguration] is not eligible for getting processed by all BeanPostProcessors (for example: not eligible for auto-proxying)
2019-12-17 17:20:09,113 INFO (PostProcessorRegistrationDelegate.java:330)- Bean 'objectPostProcessor' of type [org.springframework.security.config.annotation.configuration.AutowireBeanFactoryObjectPostProcessor] is not eligible for getting processed by all BeanPostProcessors (for example: not eligible for auto-proxying)
2019-12-17 17:20:09,115 INFO (PostProcessorRegistrationDelegate.java:330)- Bean 'org.springframework.security.access.expression.method.DefaultMethodSecurityExpressionHandler@5a584fb5' of type [org.springframework.security.access.expression.method.DefaultMethodSecurityExpressionHandler] is not eligible for getting processed by all BeanPostProcessors (for example: not eligible for auto-proxying)
2019-12-17 17:20:09,119 INFO (PostProcessorRegistrationDelegate.java:330)- Bean 'org.springframework.security.config.annotation.method.configuration.GlobalMethodSecurityConfiguration' of type [org.springframework.security.config.annotation.method.configuration.GlobalMethodSecurityConfiguration] is not eligible for getting processed by all BeanPostProcessors (for example: not eligible for auto-proxying)
2019-12-17 17:20:09,124 INFO (PostProcessorRegistrationDelegate.java:330)- Bean 'methodSecurityMetadataSource' of type [org.springframework.security.access.method.DelegatingMethodSecurityMetadataSource] is not eligible for getting processed by all BeanPostProcessors (for example: not eligible for auto-proxying)
2019-12-17 17:20:09,134 INFO (PostProcessorRegistrationDelegate.java:330)- Bean 'org.springframework.boot.autoconfigure.jdbc.DataSourceTransactionManagerAutoConfiguration$DataSourceTransactionManagerConfiguration' of type [org.springframework.boot.autoconfigure.jdbc.DataSourceTransactionManagerAutoConfiguration$DataSourceTransactionManagerConfiguration] is not eligible for getting processed by all BeanPostProcessors (for example: not eligible for auto-proxying)
2019-12-17 17:20:09,137 INFO (PostProcessorRegistrationDelegate.java:330)- Bean 'druidConfig' of type [com.lyx.undergraduatejob.config.DruidConfig$$EnhancerBySpringCGLIB$$6aaa93f7] is not eligible for getting processed by all BeanPostProcessors (for example: not eligible for auto-proxying)
2019-12-17 17:20:09,200 INFO (PostProcessorRegistrationDelegate.java:330)- Bean 'druid' of type [com.alibaba.druid.pool.DruidDataSource] is not eligible for getting processed by all BeanPostProcessors (for example: not eligible for auto-proxying)
2019-12-17 17:20:09,240 INFO (PostProcessorRegistrationDelegate.java:330)- Bean 'spring.datasource-org.springframework.boot.autoconfigure.jdbc.DataSourceProperties' of type [org.springframework.boot.autoconfigure.jdbc.DataSourceProperties] is not eligible for getting processed by all BeanPostProcessors (for example: not eligible for auto-proxying)
2019-12-17 17:20:09,246 INFO (PostProcessorRegistrationDelegate.java:330)- Bean 'org.springframework.boot.autoconfigure.jdbc.DataSourceInitializerInvoker' of type [org.springframework.boot.autoconfigure.jdbc.DataSourceInitializerInvoker] is not eligible for getting processed by all BeanPostProcessors (for example: not eligible for auto-proxying)
2019-12-17 17:20:09,250 INFO (PostProcessorRegistrationDelegate.java:330)- Bean 'org.springframework.boot.autoconfigure.transaction.TransactionAutoConfiguration' of type [org.springframework.boot.autoconfigure.transaction.TransactionAutoConfiguration] is not eligible for getting processed by all BeanPostProcessors (for example: not eligible for auto-proxying)
2019-12-17 17:20:09,255 INFO (PostProcessorRegistrationDelegate.java:330)- Bean 'spring.transaction-org.springframework.boot.autoconfigure.transaction.TransactionProperties' of type [org.springframework.boot.autoconfigure.transaction.TransactionProperties] is not eligible for getting processed by all BeanPostProcessors (for example: not eligible for auto-proxying)
2019-12-17 17:20:09,257 INFO (PostProcessorRegistrationDelegate.java:330)- Bean 'platformTransactionManagerCustomizers' of type [org.springframework.boot.autoconfigure.transaction.TransactionManagerCustomizers] is not eligible for getting processed by all BeanPostProcessors (for example: not eligible for auto-proxying)
2019-12-17 17:20:09,263 INFO (PostProcessorRegistrationDelegate.java:330)- Bean 'transactionManager' of type [org.springframework.jdbc.datasource.DataSourceTransactionManager] is not eligible for getting processed by all BeanPostProcessors (for example: not eligible for auto-proxying)
2019-12-17 17:20:09,266 INFO (PostProcessorRegistrationDelegate.java:330)- Bean 'transactionConfig' of type [com.lyx.undergraduatejob.config.TransactionConfig$$EnhancerBySpringCGLIB$$a4142a53] is not eligible for getting processed by all BeanPostProcessors (for example: not eligible for auto-proxying)
2019-12-17 17:20:09,277 INFO (PostProcessorRegistrationDelegate.java:330)- Bean 'txAdvice' of type [org.springframework.transaction.interceptor.TransactionInterceptor] is not eligible for getting processed by all BeanPostProcessors (for example: not eligible for auto-proxying)
2019-12-17 17:20:09,278 INFO (PostProcessorRegistrationDelegate.java:330)- Bean 'txAdviceAdvisor' of type [org.springframework.aop.support.DefaultPointcutAdvisor] is not eligible for getting processed by all BeanPostProcessors (for example: not eligible for auto-proxying)
2019-12-17 17:20:09,284 INFO (PostProcessorRegistrationDelegate.java:330)- Bean 'org.springframework.transaction.annotation.ProxyTransactionManagementConfiguration' of type [org.springframework.transaction.annotation.ProxyTransactionManagementConfiguration] is not eligible for getting processed by all BeanPostProcessors (for example: not eligible for auto-proxying)
2019-12-17 17:20:09,778 INFO (TomcatWebServer.java:92)- Tomcat initialized with port(s): 8080 (http)
2019-12-17 17:20:09,786 INFO (DirectJDKLog.java:173)- Initializing ProtocolHandler ["http-nio-8080"]
2019-12-17 17:20:09,787 INFO (DirectJDKLog.java:173)- Starting service [Tomcat]
2019-12-17 17:20:09,788 INFO (DirectJDKLog.java:173)- Starting Servlet engine: [Apache Tomcat/9.0.29]
2019-12-17 17:20:09,924 INFO (DirectJDKLog.java:173)- Initializing Spring embedded WebApplicationContext
2019-12-17 17:20:09,925 INFO (ServletWebServerApplicationContext.java:284)- Root WebApplicationContext: initialization completed in 5990 ms
2019-12-17 17:20:10,315 INFO (DynamicRegistrationBean.java:110)- Filter webStatFilter was not registered (possibly already registered?)
2019-12-17 17:20:10,316 INFO (DynamicRegistrationBean.java:110)- Servlet statViewServlet was not registered (possibly already registered?)
2019-12-17 17:20:10,553 INFO (UserDetailsServiceAutoConfiguration.java:86)- 

Using generated security password: a7490286-9854-4e0d-8431-94b9bed0b3ad

2019-12-17 17:20:10,692 INFO (DefaultSecurityFilterChain.java:43)- Creating filter chain: any request, [org.springframework.security.web.context.request.async.WebAsyncManagerIntegrationFilter@50ca1df7, org.springframework.security.web.context.SecurityContextPersistenceFilter@28369db, org.springframework.security.web.header.HeaderWriterFilter@20ff1048, org.springframework.security.web.csrf.CsrfFilter@70d29967, org.springframework.security.web.authentication.logout.LogoutFilter@62face93, org.springframework.security.web.authentication.UsernamePasswordAuthenticationFilter@5a4a3ff9, org.springframework.security.web.authentication.ui.DefaultLoginPageGeneratingFilter@5eb11612, org.springframework.security.web.authentication.ui.DefaultLogoutPageGeneratingFilter@69c4a052, org.springframework.security.web.authentication.www.BasicAuthenticationFilter@489cbff0, org.springframework.security.web.savedrequest.RequestCacheAwareFilter@566c9662, org.springframework.security.web.servletapi.SecurityContextHolderAwareRequestFilter@7a108911, org.springframework.security.web.authentication.AnonymousAuthenticationFilter@f131d5e, org.springframework.security.web.session.SessionManagementFilter@3bd1f9a2, org.springframework.security.web.access.ExceptionTranslationFilter@6bd15720, org.springframework.security.web.access.intercept.FilterSecurityInterceptor@1812161]
2019-12-17 17:20:11,136 INFO (ExecutorConfigurationSupport.java:171)- Initializing ExecutorService 'applicationTaskExecutor'
2019-12-17 17:20:11,233 INFO (WelcomePageHandlerMapping.java:58)- Adding welcome page template: index
2019-12-17 17:20:12,033 INFO (OptionalLiveReloadServer.java:58)- LiveReload server is running on port 35729
2019-12-17 17:20:12,040 INFO (EndpointLinksResolver.java:58)- Exposing 2 endpoint(s) beneath base path '/actuator'
2019-12-17 17:20:12,121 INFO (DirectJDKLog.java:173)- Starting ProtocolHandler ["http-nio-8080"]
2019-12-17 17:20:12,148 INFO (TomcatWebServer.java:204)- Tomcat started on port(s): 8080 (http) with context path ''
2019-12-17 17:20:12,152 INFO (StartupInfoLogger.java:61)- Started RunningApplication in 8.951 seconds (JVM running for 10.198)
2019-12-17 17:20:12,662 INFO (DirectJDKLog.java:173)- Initializing Spring DispatcherServlet 'dispatcherServlet'
2019-12-17 17:20:12,663 INFO (FrameworkServlet.java:525)- Initializing Servlet 'dispatcherServlet'
2019-12-17 17:20:12,684 INFO (FrameworkServlet.java:547)- Completed initialization in 21 ms
2019-12-17 17:20:12,967 INFO (DruidDataSource.java:930)- {dataSource-1} inited
2019-12-17 17:23:52,790 INFO (StartupInfoLogger.java:55)- Starting RunningApplication on DESKTOP-OTO9O1T with PID 13512 (started by hp in D:\学习资源\大学生兼职平台\undergraduatejob)
2019-12-17 17:23:52,795 INFO (SpringApplication.java:651)- No active profile set, falling back to default profiles: default
2019-12-17 17:23:52,842 INFO (DeferredLog.java:225)- Devtools property defaults active! Set 'spring.devtools.add-properties' to 'false' to disable
2019-12-17 17:23:52,843 INFO (DeferredLog.java:225)- For additional web related logging consider setting the 'logging.level.web' property to 'DEBUG'
2019-12-17 17:23:54,325 INFO (PostProcessorRegistrationDelegate.java:330)- Bean 'org.springframework.security.config.annotation.configuration.ObjectPostProcessorConfiguration' of type [org.springframework.security.config.annotation.configuration.ObjectPostProcessorConfiguration] is not eligible for getting processed by all BeanPostProcessors (for example: not eligible for auto-proxying)
2019-12-17 17:23:54,329 INFO (PostProcessorRegistrationDelegate.java:330)- Bean 'objectPostProcessor' of type [org.springframework.security.config.annotation.configuration.AutowireBeanFactoryObjectPostProcessor] is not eligible for getting processed by all BeanPostProcessors (for example: not eligible for auto-proxying)
2019-12-17 17:23:54,332 INFO (PostProcessorRegistrationDelegate.java:330)- Bean 'org.springframework.security.access.expression.method.DefaultMethodSecurityExpressionHandler@7db61fa9' of type [org.springframework.security.access.expression.method.DefaultMethodSecurityExpressionHandler] is not eligible for getting processed by all BeanPostProcessors (for example: not eligible for auto-proxying)
2019-12-17 17:23:54,335 INFO (PostProcessorRegistrationDelegate.java:330)- Bean 'org.springframework.security.config.annotation.method.configuration.GlobalMethodSecurityConfiguration' of type [org.springframework.security.config.annotation.method.configuration.GlobalMethodSecurityConfiguration] is not eligible for getting processed by all BeanPostProcessors (for example: not eligible for auto-proxying)
2019-12-17 17:23:54,339 INFO (PostProcessorRegistrationDelegate.java:330)- Bean 'methodSecurityMetadataSource' of type [org.springframework.security.access.method.DelegatingMethodSecurityMetadataSource] is not eligible for getting processed by all BeanPostProcessors (for example: not eligible for auto-proxying)
2019-12-17 17:23:54,347 INFO (PostProcessorRegistrationDelegate.java:330)- Bean 'org.springframework.boot.autoconfigure.jdbc.DataSourceTransactionManagerAutoConfiguration$DataSourceTransactionManagerConfiguration' of type [org.springframework.boot.autoconfigure.jdbc.DataSourceTransactionManagerAutoConfiguration$DataSourceTransactionManagerConfiguration] is not eligible for getting processed by all BeanPostProcessors (for example: not eligible for auto-proxying)
2019-12-17 17:23:54,351 INFO (PostProcessorRegistrationDelegate.java:330)- Bean 'druidConfig' of type [com.lyx.undergraduatejob.config.DruidConfig$$EnhancerBySpringCGLIB$$4c5ee053] is not eligible for getting processed by all BeanPostProcessors (for example: not eligible for auto-proxying)
2019-12-17 17:23:54,414 INFO (PostProcessorRegistrationDelegate.java:330)- Bean 'druid' of type [com.alibaba.druid.pool.DruidDataSource] is not eligible for getting processed by all BeanPostProcessors (for example: not eligible for auto-proxying)
2019-12-17 17:23:54,453 INFO (PostProcessorRegistrationDelegate.java:330)- Bean 'spring.datasource-org.springframework.boot.autoconfigure.jdbc.DataSourceProperties' of type [org.springframework.boot.autoconfigure.jdbc.DataSourceProperties] is not eligible for getting processed by all BeanPostProcessors (for example: not eligible for auto-proxying)
2019-12-17 17:23:54,460 INFO (PostProcessorRegistrationDelegate.java:330)- Bean 'org.springframework.boot.autoconfigure.jdbc.DataSourceInitializerInvoker' of type [org.springframework.boot.autoconfigure.jdbc.DataSourceInitializerInvoker] is not eligible for getting processed by all BeanPostProcessors (for example: not eligible for auto-proxying)
2019-12-17 17:23:54,464 INFO (PostProcessorRegistrationDelegate.java:330)- Bean 'org.springframework.boot.autoconfigure.transaction.TransactionAutoConfiguration' of type [org.springframework.boot.autoconfigure.transaction.TransactionAutoConfiguration] is not eligible for getting processed by all BeanPostProcessors (for example: not eligible for auto-proxying)
2019-12-17 17:23:54,469 INFO (PostProcessorRegistrationDelegate.java:330)- Bean 'spring.transaction-org.springframework.boot.autoconfigure.transaction.TransactionProperties' of type [org.springframework.boot.autoconfigure.transaction.TransactionProperties] is not eligible for getting processed by all BeanPostProcessors (for example: not eligible for auto-proxying)
2019-12-17 17:23:54,471 INFO (PostProcessorRegistrationDelegate.java:330)- Bean 'platformTransactionManagerCustomizers' of type [org.springframework.boot.autoconfigure.transaction.TransactionManagerCustomizers] is not eligible for getting processed by all BeanPostProcessors (for example: not eligible for auto-proxying)
2019-12-17 17:23:54,476 INFO (PostProcessorRegistrationDelegate.java:330)- Bean 'transactionManager' of type [org.springframework.jdbc.datasource.DataSourceTransactionManager] is not eligible for getting processed by all BeanPostProcessors (for example: not eligible for auto-proxying)
2019-12-17 17:23:54,480 INFO (PostProcessorRegistrationDelegate.java:330)- Bean 'transactionConfig' of type [com.lyx.undergraduatejob.config.TransactionConfig$$EnhancerBySpringCGLIB$$85c876af] is not eligible for getting processed by all BeanPostProcessors (for example: not eligible for auto-proxying)
2019-12-17 17:23:54,491 INFO (PostProcessorRegistrationDelegate.java:330)- Bean 'txAdvice' of type [org.springframework.transaction.interceptor.TransactionInterceptor] is not eligible for getting processed by all BeanPostProcessors (for example: not eligible for auto-proxying)
2019-12-17 17:23:54,491 INFO (PostProcessorRegistrationDelegate.java:330)- Bean 'txAdviceAdvisor' of type [org.springframework.aop.support.DefaultPointcutAdvisor] is not eligible for getting processed by all BeanPostProcessors (for example: not eligible for auto-proxying)
2019-12-17 17:23:54,497 INFO (PostProcessorRegistrationDelegate.java:330)- Bean 'org.springframework.transaction.annotation.ProxyTransactionManagementConfiguration' of type [org.springframework.transaction.annotation.ProxyTransactionManagementConfiguration] is not eligible for getting processed by all BeanPostProcessors (for example: not eligible for auto-proxying)
2019-12-17 17:23:55,014 INFO (TomcatWebServer.java:92)- Tomcat initialized with port(s): 8080 (http)
2019-12-17 17:23:55,023 INFO (DirectJDKLog.java:173)- Initializing ProtocolHandler ["http-nio-8080"]
2019-12-17 17:23:55,024 INFO (DirectJDKLog.java:173)- Starting service [Tomcat]
2019-12-17 17:23:55,024 INFO (DirectJDKLog.java:173)- Starting Servlet engine: [Apache Tomcat/9.0.29]
2019-12-17 17:23:55,160 INFO (DirectJDKLog.java:173)- Initializing Spring embedded WebApplicationContext
2019-12-17 17:23:55,160 INFO (ServletWebServerApplicationContext.java:284)- Root WebApplicationContext: initialization completed in 2316 ms
2019-12-17 17:23:55,496 INFO (DynamicRegistrationBean.java:110)- Filter webStatFilter was not registered (possibly already registered?)
2019-12-17 17:23:55,498 INFO (DynamicRegistrationBean.java:110)- Servlet statViewServlet was not registered (possibly already registered?)
2019-12-17 17:23:56,240 INFO (UserDetailsServiceAutoConfiguration.java:86)- 

Using generated security password: cbdd3cd7-850c-4b7d-ad38-531d88f2715b

2019-12-17 17:23:56,370 INFO (DefaultSecurityFilterChain.java:43)- Creating filter chain: any request, [org.springframework.security.web.context.request.async.WebAsyncManagerIntegrationFilter@4aa85679, org.springframework.security.web.context.SecurityContextPersistenceFilter@798580a8, org.springframework.security.web.header.HeaderWriterFilter@32616ccd, org.springframework.security.web.csrf.CsrfFilter@1025342f, org.springframework.security.web.authentication.logout.LogoutFilter@2e59dc8e, org.springframework.security.web.authentication.UsernamePasswordAuthenticationFilter@6564b9c0, org.springframework.security.web.authentication.ui.DefaultLoginPageGeneratingFilter@4e02046b, org.springframework.security.web.authentication.ui.DefaultLogoutPageGeneratingFilter@669b8069, org.springframework.security.web.authentication.www.BasicAuthenticationFilter@7e32dc8e, org.springframework.security.web.savedrequest.RequestCacheAwareFilter@17616e7e, org.springframework.security.web.servletapi.SecurityContextHolderAwareRequestFilter@4c7685f1, org.springframework.security.web.authentication.AnonymousAuthenticationFilter@510f478e, org.springframework.security.web.session.SessionManagementFilter@5468e, org.springframework.security.web.access.ExceptionTranslationFilter@47a1aea3, org.springframework.security.web.access.intercept.FilterSecurityInterceptor@29084fe4]
2019-12-17 17:23:56,592 INFO (ExecutorConfigurationSupport.java:171)- Initializing ExecutorService 'applicationTaskExecutor'
2019-12-17 17:23:56,682 INFO (WelcomePageHandlerMapping.java:58)- Adding welcome page template: index
2019-12-17 17:23:57,537 INFO (OptionalLiveReloadServer.java:58)- LiveReload server is running on port 35729
2019-12-17 17:23:57,544 INFO (EndpointLinksResolver.java:58)- Exposing 2 endpoint(s) beneath base path '/actuator'
2019-12-17 17:23:57,619 INFO (DirectJDKLog.java:173)- Starting ProtocolHandler ["http-nio-8080"]
2019-12-17 17:23:57,642 INFO (TomcatWebServer.java:204)- Tomcat started on port(s): 8080 (http) with context path ''
2019-12-17 17:23:57,646 INFO (StartupInfoLogger.java:61)- Started RunningApplication in 5.555 seconds (JVM running for 6.628)
2019-12-17 17:23:58,260 INFO (DirectJDKLog.java:173)- Initializing Spring DispatcherServlet 'dispatcherServlet'
2019-12-17 17:23:58,261 INFO (FrameworkServlet.java:525)- Initializing Servlet 'dispatcherServlet'
2019-12-17 17:23:58,311 INFO (FrameworkServlet.java:547)- Completed initialization in 50 ms
2019-12-17 17:23:58,572 INFO (DruidDataSource.java:930)- {dataSource-1} inited
2019-12-17 17:25:28,455 INFO (StartupInfoLogger.java:55)- Starting RunningApplication on DESKTOP-OTO9O1T with PID 4488 (started by hp in D:\学习资源\大学生兼职平台\undergraduatejob)
2019-12-17 17:25:28,459 INFO (SpringApplication.java:651)- No active profile set, falling back to default profiles: default
2019-12-17 17:25:28,502 INFO (DeferredLog.java:225)- Devtools property defaults active! Set 'spring.devtools.add-properties' to 'false' to disable
2019-12-17 17:25:28,502 INFO (DeferredLog.java:225)- For additional web related logging consider setting the 'logging.level.web' property to 'DEBUG'
2019-12-17 17:25:29,928 INFO (PostProcessorRegistrationDelegate.java:330)- Bean 'org.springframework.security.config.annotation.configuration.ObjectPostProcessorConfiguration' of type [org.springframework.security.config.annotation.configuration.ObjectPostProcessorConfiguration] is not eligible for getting processed by all BeanPostProcessors (for example: not eligible for auto-proxying)
2019-12-17 17:25:29,932 INFO (PostProcessorRegistrationDelegate.java:330)- Bean 'objectPostProcessor' of type [org.springframework.security.config.annotation.configuration.AutowireBeanFactoryObjectPostProcessor] is not eligible for getting processed by all BeanPostProcessors (for example: not eligible for auto-proxying)
2019-12-17 17:25:29,934 INFO (PostProcessorRegistrationDelegate.java:330)- Bean 'org.springframework.security.access.expression.method.DefaultMethodSecurityExpressionHandler@57b890b3' of type [org.springframework.security.access.expression.method.DefaultMethodSecurityExpressionHandler] is not eligible for getting processed by all BeanPostProcessors (for example: not eligible for auto-proxying)
2019-12-17 17:25:29,937 INFO (PostProcessorRegistrationDelegate.java:330)- Bean 'org.springframework.security.config.annotation.method.configuration.GlobalMethodSecurityConfiguration' of type [org.springframework.security.config.annotation.method.configuration.GlobalMethodSecurityConfiguration] is not eligible for getting processed by all BeanPostProcessors (for example: not eligible for auto-proxying)
2019-12-17 17:25:29,941 INFO (PostProcessorRegistrationDelegate.java:330)- Bean 'methodSecurityMetadataSource' of type [org.springframework.security.access.method.DelegatingMethodSecurityMetadataSource] is not eligible for getting processed by all BeanPostProcessors (for example: not eligible for auto-proxying)
2019-12-17 17:25:29,949 INFO (PostProcessorRegistrationDelegate.java:330)- Bean 'org.springframework.boot.autoconfigure.jdbc.DataSourceTransactionManagerAutoConfiguration$DataSourceTransactionManagerConfiguration' of type [org.springframework.boot.autoconfigure.jdbc.DataSourceTransactionManagerAutoConfiguration$DataSourceTransactionManagerConfiguration] is not eligible for getting processed by all BeanPostProcessors (for example: not eligible for auto-proxying)
2019-12-17 17:25:29,953 INFO (PostProcessorRegistrationDelegate.java:330)- Bean 'druidConfig' of type [com.lyx.undergraduatejob.config.DruidConfig$$EnhancerBySpringCGLIB$$15fad0bd] is not eligible for getting processed by all BeanPostProcessors (for example: not eligible for auto-proxying)
2019-12-17 17:25:30,016 INFO (PostProcessorRegistrationDelegate.java:330)- Bean 'druid' of type [com.alibaba.druid.pool.DruidDataSource] is not eligible for getting processed by all BeanPostProcessors (for example: not eligible for auto-proxying)
2019-12-17 17:25:30,057 INFO (PostProcessorRegistrationDelegate.java:330)- Bean 'spring.datasource-org.springframework.boot.autoconfigure.jdbc.DataSourceProperties' of type [org.springframework.boot.autoconfigure.jdbc.DataSourceProperties] is not eligible for getting processed by all BeanPostProcessors (for example: not eligible for auto-proxying)
2019-12-17 17:25:30,063 INFO (PostProcessorRegistrationDelegate.java:330)- Bean 'org.springframework.boot.autoconfigure.jdbc.DataSourceInitializerInvoker' of type [org.springframework.boot.autoconfigure.jdbc.DataSourceInitializerInvoker] is not eligible for getting processed by all BeanPostProcessors (for example: not eligible for auto-proxying)
2019-12-17 17:25:30,067 INFO (PostProcessorRegistrationDelegate.java:330)- Bean 'org.springframework.boot.autoconfigure.transaction.TransactionAutoConfiguration' of type [org.springframework.boot.autoconfigure.transaction.TransactionAutoConfiguration] is not eligible for getting processed by all BeanPostProcessors (for example: not eligible for auto-proxying)
2019-12-17 17:25:30,072 INFO (PostProcessorRegistrationDelegate.java:330)- Bean 'spring.transaction-org.springframework.boot.autoconfigure.transaction.TransactionProperties' of type [org.springframework.boot.autoconfigure.transaction.TransactionProperties] is not eligible for getting processed by all BeanPostProcessors (for example: not eligible for auto-proxying)
2019-12-17 17:25:30,074 INFO (PostProcessorRegistrationDelegate.java:330)- Bean 'platformTransactionManagerCustomizers' of type [org.springframework.boot.autoconfigure.transaction.TransactionManagerCustomizers] is not eligible for getting processed by all BeanPostProcessors (for example: not eligible for auto-proxying)
2019-12-17 17:25:30,079 INFO (PostProcessorRegistrationDelegate.java:330)- Bean 'transactionManager' of type [org.springframework.jdbc.datasource.DataSourceTransactionManager] is not eligible for getting processed by all BeanPostProcessors (for example: not eligible for auto-proxying)
2019-12-17 17:25:30,083 INFO (PostProcessorRegistrationDelegate.java:330)- Bean 'transactionConfig' of type [com.lyx.undergraduatejob.config.TransactionConfig$$EnhancerBySpringCGLIB$$4f646719] is not eligible for getting processed by all BeanPostProcessors (for example: not eligible for auto-proxying)
2019-12-17 17:25:30,094 INFO (PostProcessorRegistrationDelegate.java:330)- Bean 'txAdvice' of type [org.springframework.transaction.interceptor.TransactionInterceptor] is not eligible for getting processed by all BeanPostProcessors (for example: not eligible for auto-proxying)
2019-12-17 17:25:30,094 INFO (PostProcessorRegistrationDelegate.java:330)- Bean 'txAdviceAdvisor' of type [org.springframework.aop.support.DefaultPointcutAdvisor] is not eligible for getting processed by all BeanPostProcessors (for example: not eligible for auto-proxying)
2019-12-17 17:25:30,101 INFO (PostProcessorRegistrationDelegate.java:330)- Bean 'org.springframework.transaction.annotation.ProxyTransactionManagementConfiguration' of type [org.springframework.transaction.annotation.ProxyTransactionManagementConfiguration] is not eligible for getting processed by all BeanPostProcessors (for example: not eligible for auto-proxying)
2019-12-17 17:25:30,632 INFO (TomcatWebServer.java:92)- Tomcat initialized with port(s): 8080 (http)
2019-12-17 17:25:30,642 INFO (DirectJDKLog.java:173)- Initializing ProtocolHandler ["http-nio-8080"]
2019-12-17 17:25:30,643 INFO (DirectJDKLog.java:173)- Starting service [Tomcat]
2019-12-17 17:25:30,643 INFO (DirectJDKLog.java:173)- Starting Servlet engine: [Apache Tomcat/9.0.29]
2019-12-17 17:25:30,789 INFO (DirectJDKLog.java:173)- Initializing Spring embedded WebApplicationContext
2019-12-17 17:25:30,790 INFO (ServletWebServerApplicationContext.java:284)- Root WebApplicationContext: initialization completed in 2288 ms
2019-12-17 17:25:31,169 INFO (DynamicRegistrationBean.java:110)- Filter webStatFilter was not registered (possibly already registered?)
2019-12-17 17:25:31,171 INFO (DynamicRegistrationBean.java:110)- Servlet statViewServlet was not registered (possibly already registered?)
2019-12-17 17:25:31,867 INFO (UserDetailsServiceAutoConfiguration.java:86)- 

Using generated security password: f17a9afe-ed8a-4f27-83f4-5b5458a4294a

2019-12-17 17:25:31,981 INFO (DefaultSecurityFilterChain.java:43)- Creating filter chain: any request, [org.springframework.security.web.context.request.async.WebAsyncManagerIntegrationFilter@5282d461, org.springframework.security.web.context.SecurityContextPersistenceFilter@6bf90376, org.springframework.security.web.header.HeaderWriterFilter@6d402d7f, org.springframework.security.web.authentication.logout.LogoutFilter@72038a5d, org.springframework.security.web.authentication.UsernamePasswordAuthenticationFilter@3cb53bac, org.springframework.security.web.savedrequest.RequestCacheAwareFilter@7787288f, org.springframework.security.web.servletapi.SecurityContextHolderAwareRequestFilter@6e194974, org.springframework.security.web.authentication.AnonymousAuthenticationFilter@1347580e, org.springframework.security.web.session.SessionManagementFilter@459c8ff9, org.springframework.security.web.access.ExceptionTranslationFilter@1f025f57, org.springframework.security.web.access.intercept.FilterSecurityInterceptor@8b5146c]
2019-12-17 17:25:32,187 INFO (ExecutorConfigurationSupport.java:171)- Initializing ExecutorService 'applicationTaskExecutor'
2019-12-17 17:25:32,320 INFO (WelcomePageHandlerMapping.java:58)- Adding welcome page template: index
2019-12-17 17:25:33,322 INFO (OptionalLiveReloadServer.java:58)- LiveReload server is running on port 35729
2019-12-17 17:25:33,328 INFO (EndpointLinksResolver.java:58)- Exposing 2 endpoint(s) beneath base path '/actuator'
2019-12-17 17:25:33,413 INFO (DirectJDKLog.java:173)- Starting ProtocolHandler ["http-nio-8080"]
2019-12-17 17:25:33,436 INFO (TomcatWebServer.java:204)- Tomcat started on port(s): 8080 (http) with context path ''
2019-12-17 17:25:33,439 INFO (StartupInfoLogger.java:61)- Started RunningApplication in 5.864 seconds (JVM running for 6.945)
2019-12-17 17:25:33,861 INFO (DirectJDKLog.java:173)- Initializing Spring DispatcherServlet 'dispatcherServlet'
2019-12-17 17:25:33,862 INFO (FrameworkServlet.java:525)- Initializing Servlet 'dispatcherServlet'
2019-12-17 17:25:33,881 INFO (FrameworkServlet.java:547)- Completed initialization in 19 ms
2019-12-17 17:25:34,154 INFO (DruidDataSource.java:930)- {dataSource-1} inited
2019-12-17 17:26:21,482 INFO (ExecutorConfigurationSupport.java:208)- Shutting down ExecutorService 'applicationTaskExecutor'
2019-12-17 17:26:21,491 INFO (DruidDataSource.java:1825)- {dataSource-1} closed
